<?xml version="1.0" encoding="UTF-8"?>
<testng-results ignored="0" total="2" passed="2" failed="0" skipped="0">
  <reporter-output>
  </reporter-output>
  <suite started-at="2021-07-07T15:42:57 IST" name="Default suite" finished-at="2021-07-07T15:46:03 IST" duration-ms="186416">
    <groups>
    </groups>
    <test started-at="2021-07-07T15:42:57 IST" name="Default test" finished-at="2021-07-07T15:46:03 IST" duration-ms="186416">
      <class name="NewTest">
        <test-method signature="verifyComposeMailFunctionality()[pri:0, instance:NewTest@2aa3cd93]" started-at="2021-07-07T15:42:57 IST" name="verifyComposeMailFunctionality" finished-at="2021-07-07T15:45:15 IST" duration-ms="137579" status="PASS">
          <reporter-output>
          </reporter-output>
        </test-method> <!-- verifyComposeMailFunctionality -->
        <test-method signature="verifyInboxFunctionality()[pri:0, instance:NewTest@2aa3cd93]" started-at="2021-07-07T15:45:15 IST" name="verifyInboxFunctionality" finished-at="2021-07-07T15:46:03 IST" duration-ms="48630" status="PASS">
          <reporter-output>
          </reporter-output>
        </test-method> <!-- verifyInboxFunctionality -->
      </class> <!-- NewTest -->
    </test> <!-- Default test -->
  </suite> <!-- Default suite -->
</testng-results>
